#
# A fatal error has been detected by the Java Runtime Environment:
#
#  EXCEPTION_UNCAUGHT_CXX_EXCEPTION (0xe06d7363) at pc=0x00007fff8eebd759, pid=28568, tid=31376
#
# JRE version: OpenJDK Runtime Environment (15.0.2+7) (build 15.0.2+7-27)
# Java VM: OpenJDK 64-Bit Server VM (15.0.2+7-27, mixed mode, tiered, compressed oops, g1 gc, windows-amd64)
# Problematic frame:
# C  [KERNELBASE.dll+0x2d759]
#
# No core dump will be written. Minidumps are not enabled by default on client versions of Windows
#
# If you would like to submit a bug report, please visit:
#   https://bugreport.java.com/bugreport/crash.jsp
#

---------------  S U M M A R Y ------------

Command Line: -Dfile.encoding=Cp1252 -XX:+ShowCodeDetailsInExceptionMessages LongstaffASearch

Host: Intel(R) Core(TM) i5-10300H CPU @ 2.50GHz, 8 cores, 7G,  Windows 10 , 64 bit Build 19041 (10.0.19041.804)
Time: Sat Mar  6 16:50:00 2021 Eastern Standard Time elapsed time: 0.096511 seconds (0d 0h 0m 0s)

---------------  T H R E A D  ---------------

Current thread (0x000001713599e380):  JavaThread "main" [_thread_in_vm, id=31376, stack(0x0000003f92100000,0x0000003f92200000)]

Stack: [0x0000003f92100000,0x0000003f92200000],  sp=0x0000003f921fe480,  free space=1017k
Native frames: (J=compiled Java code, j=interpreted, Vv=VM code, C=native code)
C  [KERNELBASE.dll+0x2d759]
C  [VCRUNTIME140.dll+0x61e0]
C  [jimage.dll+0x3667]
C  [jimage.dll+0x2a51]
C  [jimage.dll+0x146b]
C  [jimage.dll+0x1ed3]
C  [jimage.dll+0x1f6a]
C  [jimage.dll+0x26a2]
V  [jvm.dll+0x1c6867]
V  [jvm.dll+0x1c5650]
V  [jvm.dll+0x706243]
V  [jvm.dll+0x707c08]
V  [jvm.dll+0x707f03]
V  [jvm.dll+0x20f104]
V  [jvm.dll+0x20f392]
V  [jvm.dll+0x51f588]
V  [jvm.dll+0x522380]
V  [jvm.dll+0x34d540]
V  [jvm.dll+0x34cb7f]
C  0x00000171393dda4e

Java frames: (J=compiled Java code, j=interpreted, Vv=VM code)
j  java.lang.System.initPhase2(ZZ)I+0 java.base
v  ~StubRoutines::call_stub

siginfo: EXCEPTION_UNCAUGHT_CXX_EXCEPTION (0xe06d7363), ExceptionInformation=0x0000000019930520 0x0000003f921fe5e0 0x00007fff83965120 0x00007fff83960000 


Register to memory mapping:

RIP=0x00007fff8eebd759 KERNELBASE.dll
RAX=0x00007fff3376a0ad jvm.dll
RBX=0x00007fff83965120 jimage.dll
RCX=0x000001713599e380 is a thread
RDX=0x000001713379edc0 points into unknown readable memory: 0x0000000000000002 | 02 00 00 00 00 00 00 00
RSP=0x0000003f921fe480 is pointing into the stack for thread: 0x000001713599e380
RBP=0x0000003f921fe710 is pointing into the stack for thread: 0x000001713599e380
RSI=0x0000003f921fe5e0 is pointing into the stack for thread: 0x000001713599e380
RDI=0x0000000019930520 is an unknown value
R8 =0x000001713599e850 points into unknown readable memory: 0x0000017150427430 | 30 74 42 50 71 01 00 00
R9 =0x000001713599e380 is a thread
R10=0x0000017150447428 points into unknown readable memory: 0x000000008af2ea20 | 20 ea f2 8a 00 00 00 00
R11=0x000001713599e380 is a thread
R12=0x0000000000006b9d is an unknown value
R13=0x000001713599e380 is a thread
R14=0x0000017150427440 points into unknown readable memory: 0x0000000000000000 | 00 00 00 00 00 00 00 00
R15=0x0000017150427440 points into unknown readable memory: 0x0000000000000000 | 00 00 00 00 00 00 00 00


Registers:
RAX=0x00007fff3376a0ad, RBX=0x00007fff83965120, RCX=0x000001713599e380, RDX=0x000001713379edc0
RSP=0x0000003f921fe480, RBP=0x0000003f921fe710, RSI=0x0000003f921fe5e0, RDI=0x0000000019930520
R8 =0x000001713599e850, R9 =0x000001713599e380, R10=0x0000017150447428, R11=0x000001713599e380
R12=0x0000000000006b9d, R13=0x000001713599e380, R14=0x0000017150427440, R15=0x0000017150427440
RIP=0x00007fff8eebd759, EFLAGS=0x0000000000000206

Top of Stack: (sp=0x0000003f921fe480)
0x0000003f921fe480:   0000000000000000 00007fff83965120
0x0000003f921fe490:   0000003f921fe5e0 0000000000006b9d
0x0000003f921fe4a0:   00000001e06d7363 0000000000000000
0x0000003f921fe4b0:   00007fff8eebd759 00007fff00000004
0x0000003f921fe4c0:   0000000019930520 0000003f921fe5e0
0x0000003f921fe4d0:   00007fff83965120 00007fff83960000
0x0000003f921fe4e0:   000001713599e380 0000000000006b9d
0x0000003f921fe4f0:   0000003f921fe5e0 0000003f921fe710
0x0000003f921fe500:   0000003f921fe580 00007fff913b698f
0x0000003f921fe510:   0000000019930520 00007fff00000000
0x0000003f921fe520:   0000000000000000 00007fff913dab60
0x0000003f921fe530:   00007fff83967000 00007fff83960000
0x0000003f921fe540:   0000cd0477c343e2 00007fff8eedda8b
0x0000003f921fe550:   00007fff83965120 00007fff78b661e0
0x0000003f921fe560:   0000a5f80220c710 00007fff8f16fde6
0x0000003f921fe570:   0000000000000008 00007fff8f1639ce 

Instructions: (pc=0x00007fff8eebd759)
0x00007fff8eebd659:   d8 21 00 00 41 0f 44 c0 89 43 24 8b 41 18 89 43
0x00007fff8eebd669:   28 65 48 8b 04 25 60 00 00 00 48 8b 48 20 39 79
0x00007fff8eebd679:   08 7c 36 41 b9 40 00 00 00 48 89 7c 24 20 4c 8d
0x00007fff8eebd689:   44 24 30 48 83 c9 ff 41 8d 51 e5 48 ff 15 8d 23
0x00007fff8eebd699:   19 00 0f 1f 44 00 00 85 c0 0f 88 5f 5b 07 00 81
0x00007fff8eebd6a9:   7c 24 54 33 00 03 00 72 0f 48 8b 9c 24 80 00 00
0x00007fff8eebd6b9:   00 48 83 c4 70 5f c3 cc 89 7b 2c eb ec cc cc cc
0x00007fff8eebd6c9:   cc cc cc cc cc cc cc 65 48 8b 04 25 30 00 00 00
0x00007fff8eebd6d9:   8b 40 68 c3 cc cc cc cc cc cc cc cc cc cc cc cc
0x00007fff8eebd6e9:   cc cc cc cc cc cc cc 48 81 ec d8 00 00 00 48 8b
0x00007fff8eebd6f9:   05 72 e7 25 00 48 33 c4 48 89 84 24 c0 00 00 00
0x00007fff8eebd709:   48 83 64 24 28 00 48 8d 05 da ff ff ff 83 e2 01
0x00007fff8eebd719:   89 4c 24 20 89 54 24 24 48 89 44 24 30 4d 85 c9
0x00007fff8eebd729:   74 4c b8 0f 00 00 00 48 8d 4c 24 40 44 3b c0 49
0x00007fff8eebd739:   8b d1 44 0f 47 c0 44 89 44 24 38 49 c1 e0 03 e8
0x00007fff8eebd749:   2a 47 06 00 48 8d 4c 24 20 48 ff 15 af 23 19 00
0x00007fff8eebd759:   0f 1f 44 00 00 48 8b 8c 24 c0 00 00 00 48 33 cc
0x00007fff8eebd769:   e8 d2 09 06 00 48 81 c4 d8 00 00 00 c3 cc 83 64
0x00007fff8eebd779:   24 38 00 eb cf cc cc cc cc cc cc cc cc cc cc cc
0x00007fff8eebd789:   cc cc cc cc cc cc cc 40 53 48 83 ec 30 48 8b d1
0x00007fff8eebd799:   48 8d 4c 24 20 e8 25 ce ff ff 85 c0 74 26 48 8b
0x00007fff8eebd7a9:   4c 24 28 e8 bf 70 ff ff 48 8d 4c 24 20 8b d8 48
0x00007fff8eebd7b9:   ff 15 a1 1b 19 00 0f 1f 44 00 00 8b c3 48 83 c4
0x00007fff8eebd7c9:   30 5b c3 cc 83 c8 ff eb f4 cc cc cc cc cc cc cc
0x00007fff8eebd7d9:   cc cc cc cc cc cc cc 48 8b c4 48 89 58 10 48 89
0x00007fff8eebd7e9:   70 18 57 48 83 ec 60 0f 57 c0 0f 11 40 b8 48 8d
0x00007fff8eebd7f9:   35 b2 78 19 00 33 db 48 85 c9 48 0f 45 f1 48 8b
0x00007fff8eebd809:   d6 48 8d 48 c8 48 ff 15 d3 21 19 00 0f 1f 44 00
0x00007fff8eebd819:   00 8b f8 89 44 24 70 85 c0 78 1f 41 b0 01 48 8d
0x00007fff8eebd829:   54 24 30 48 8d 4c 24 20 48 ff 15 50 1b 19 00 0f
0x00007fff8eebd839:   1f 44 00 00 8b f8 89 44 24 70 85 ff 0f 88 c9 59
0x00007fff8eebd849:   07 00 48 83 c8 ff 48 8b c8 48 ff c1 66 39 1c 4e 


Stack slot to memory mapping:
stack at sp + 0 slots: 0x0 is NULL
stack at sp + 1 slots: 0x00007fff83965120 jimage.dll
stack at sp + 2 slots: 0x0000003f921fe5e0 is pointing into the stack for thread: 0x000001713599e380
stack at sp + 3 slots: 0x0000000000006b9d is an unknown value
stack at sp + 4 slots: 0x00000001e06d7363 is an unknown value
stack at sp + 5 slots: 0x0 is NULL
stack at sp + 6 slots: 0x00007fff8eebd759 KERNELBASE.dll
stack at sp + 7 slots: 0x00007fff00000004 is an unknown value


---------------  P R O C E S S  ---------------

Threads class SMR info:
_java_thread_list=0x00000171503fcc70, length=9, elements={
0x000001713599e380, 0x000001714fbbc230, 0x000001714fbbcce0, 0x000001714fbc5e50,
0x000001714fbc8c20, 0x000001715040b0e0, 0x000001715040bdd0, 0x0000017150479b80,
0x000001715047e940
}

Java Threads: ( => current thread )
=>0x000001713599e380 JavaThread "main" [_thread_in_vm, id=31376, stack(0x0000003f92100000,0x0000003f92200000)]
  0x000001714fbbc230 JavaThread "Reference Handler" daemon [_thread_blocked, id=29920, stack(0x0000003f92800000,0x0000003f92900000)]
  0x000001714fbbcce0 JavaThread "Finalizer" daemon [_thread_blocked, id=29488, stack(0x0000003f92900000,0x0000003f92a00000)]
  0x000001714fbc5e50 JavaThread "Signal Dispatcher" daemon [_thread_blocked, id=21176, stack(0x0000003f92a00000,0x0000003f92b00000)]
  0x000001714fbc8c20 JavaThread "Attach Listener" daemon [_thread_blocked, id=10952, stack(0x0000003f92b00000,0x0000003f92c00000)]
  0x000001715040b0e0 JavaThread "Service Thread" daemon [_thread_blocked, id=37484, stack(0x0000003f92c00000,0x0000003f92d00000)]
  0x000001715040bdd0 JavaThread "C2 CompilerThread0" daemon [_thread_blocked, id=13636, stack(0x0000003f92d00000,0x0000003f92e00000)]
  0x0000017150479b80 JavaThread "C1 CompilerThread0" daemon [_thread_blocked, id=35636, stack(0x0000003f92e00000,0x0000003f92f00000)]
  0x000001715047e940 JavaThread "Sweeper thread" daemon [_thread_blocked, id=6500, stack(0x0000003f92f00000,0x0000003f93000000)]

Other Threads:
  0x000001714fbb6630 VMThread "VM Thread" [stack: 0x0000003f92700000,0x0000003f92800000] [id=27896]
  0x00000171359df110 GCTaskThread "GC Thread#0" [stack: 0x0000003f92200000,0x0000003f92300000] [id=33640]
  0x00000171359f0db0 ConcurrentGCThread "G1 Main Marker" [stack: 0x0000003f92300000,0x0000003f92400000] [id=2488]
  0x00000171359f1a20 ConcurrentGCThread "G1 Conc#0" [stack: 0x0000003f92400000,0x0000003f92500000] [id=39448]
  0x0000017135a7a690 ConcurrentGCThread "G1 Refine#0" [stack: 0x0000003f92500000,0x0000003f92600000] [id=33100]
  0x0000017135a7b290 ConcurrentGCThread "G1 Young RemSet Sampling" [stack: 0x0000003f92600000,0x0000003f92700000] [id=2700]

Threads with active compile tasks:

VM state: not at safepoint (normal execution)

VM Mutex/Monitor currently owned by a thread: None

Heap address: 0x0000000083200000, size: 1998 MB, Compressed Oops mode: 32-bit
CDS disabled.
Compressed class space mapped at: 0x0000000100000000-0x0000000140000000, size: 1073741824
Narrow klass base: 0x0000000000000000, Narrow klass shift: 3, Narrow klass range: 0x140000000

GC Precious Log:
 CPUs: 8 total, 8 available
 Memory: 7985M
 Large Page Support: Disabled
 NUMA Support: Disabled
 Compressed Oops: Enabled (32-bit)
 Heap Region Size: 1M
 Heap Min Capacity: 8M
 Heap Initial Capacity: 126M
 Heap Max Capacity: 1998M
 Pre-touch: Disabled
 Parallel Workers: 8
 Concurrent Workers: 2
 Concurrent Refinement Workers: 8
 Periodic GC: Disabled

Heap:
 garbage-first heap   total 129024K, used 0K [0x0000000083200000, 0x0000000100000000)
  region size 1024K, 1 young (1024K), 0 survivors (0K)
 Metaspace       used 2498K, capacity 4480K, committed 4480K, reserved 1056768K
  class space    used 195K, capacity 384K, committed 384K, reserved 1048576K

Heap Regions: E=young(eden), S=young(survivor), O=old, HS=humongous(starts), HC=humongous(continues), CS=collection set, F=free, OA=open archive, CA=closed archive, TAMS=top-at-mark-start (previous, next)
|   0|0x0000000083200000, 0x0000000083200000, 0x0000000083300000|  0%| F|  |TAMS 0x0000000083200000, 0x0000000083200000| Untracked 
|   1|0x0000000083300000, 0x0000000083300000, 0x0000000083400000|  0%| F|  |TAMS 0x0000000083300000, 0x0000000083300000| Untracked 
|   2|0x0000000083400000, 0x0000000083400000, 0x0000000083500000|  0%| F|  |TAMS 0x0000000083400000, 0x0000000083400000| Untracked 
|   3|0x0000000083500000, 0x0000000083500000, 0x0000000083600000|  0%| F|  |TAMS 0x0000000083500000, 0x0000000083500000| Untracked 
|   4|0x0000000083600000, 0x0000000083600000, 0x0000000083700000|  0%| F|  |TAMS 0x0000000083600000, 0x0000000083600000| Untracked 
|   5|0x0000000083700000, 0x0000000083700000, 0x0000000083800000|  0%| F|  |TAMS 0x0000000083700000, 0x0000000083700000| Untracked 
|   6|0x0000000083800000, 0x0000000083800000, 0x0000000083900000|  0%| F|  |TAMS 0x0000000083800000, 0x0000000083800000| Untracked 
|   7|0x0000000083900000, 0x0000000083900000, 0x0000000083a00000|  0%| F|  |TAMS 0x0000000083900000, 0x0000000083900000| Untracked 
|   8|0x0000000083a00000, 0x0000000083a00000, 0x0000000083b00000|  0%| F|  |TAMS 0x0000000083a00000, 0x0000000083a00000| Untracked 
|   9|0x0000000083b00000, 0x0000000083b00000, 0x0000000083c00000|  0%| F|  |TAMS 0x0000000083b00000, 0x0000000083b00000| Untracked 
|  10|0x0000000083c00000, 0x0000000083c00000, 0x0000000083d00000|  0%| F|  |TAMS 0x0000000083c00000, 0x0000000083c00000| Untracked 
|  11|0x0000000083d00000, 0x0000000083d00000, 0x0000000083e00000|  0%| F|  |TAMS 0x0000000083d00000, 0x0000000083d00000| Untracked 
|  12|0x0000000083e00000, 0x0000000083e00000, 0x0000000083f00000|  0%| F|  |TAMS 0x0000000083e00000, 0x0000000083e00000| Untracked 
|  13|0x0000000083f00000, 0x0000000083f00000, 0x0000000084000000|  0%| F|  |TAMS 0x0000000083f00000, 0x0000000083f00000| Untracked 
|  14|0x0000000084000000, 0x0000000084000000, 0x0000000084100000|  0%| F|  |TAMS 0x0000000084000000, 0x0000000084000000| Untracked 
|  15|0x0000000084100000, 0x0000000084100000, 0x0000000084200000|  0%| F|  |TAMS 0x0000000084100000, 0x0000000084100000| Untracked 
|  16|0x0000000084200000, 0x0000000084200000, 0x0000000084300000|  0%| F|  |TAMS 0x0000000084200000, 0x0000000084200000| Untracked 
|  17|0x0000000084300000, 0x0000000084300000, 0x0000000084400000|  0%| F|  |TAMS 0x0000000084300000, 0x0000000084300000| Untracked 
|  18|0x0000000084400000, 0x0000000084400000, 0x0000000084500000|  0%| F|  |TAMS 0x0000000084400000, 0x0000000084400000| Untracked 
|  19|0x0000000084500000, 0x0000000084500000, 0x0000000084600000|  0%| F|  |TAMS 0x0000000084500000, 0x0000000084500000| Untracked 
|  20|0x0000000084600000, 0x0000000084600000, 0x0000000084700000|  0%| F|  |TAMS 0x0000000084600000, 0x0000000084600000| Untracked 
|  21|0x0000000084700000, 0x0000000084700000, 0x0000000084800000|  0%| F|  |TAMS 0x0000000084700000, 0x0000000084700000| Untracked 
|  22|0x0000000084800000, 0x0000000084800000, 0x0000000084900000|  0%| F|  |TAMS 0x0000000084800000, 0x0000000084800000| Untracked 
|  23|0x0000000084900000, 0x0000000084900000, 0x0000000084a00000|  0%| F|  |TAMS 0x0000000084900000, 0x0000000084900000| Untracked 
|  24|0x0000000084a00000, 0x0000000084a00000, 0x0000000084b00000|  0%| F|  |TAMS 0x0000000084a00000, 0x0000000084a00000| Untracked 
|  25|0x0000000084b00000, 0x0000000084b00000, 0x0000000084c00000|  0%| F|  |TAMS 0x0000000084b00000, 0x0000000084b00000| Untracked 
|  26|0x0000000084c00000, 0x0000000084c00000, 0x0000000084d00000|  0%| F|  |TAMS 0x0000000084c00000, 0x0000000084c00000| Untracked 
|  27|0x0000000084d00000, 0x0000000084d00000, 0x0000000084e00000|  0%| F|  |TAMS 0x0000000084d00000, 0x0000000084d00000| Untracked 
|  28|0x0000000084e00000, 0x0000000084e00000, 0x0000000084f00000|  0%| F|  |TAMS 0x0000000084e00000, 0x0000000084e00000| Untracked 
|  29|0x0000000084f00000, 0x0000000084f00000, 0x0000000085000000|  0%| F|  |TAMS 0x0000000084f00000, 0x0000000084f00000| Untracked 
|  30|0x0000000085000000, 0x0000000085000000, 0x0000000085100000|  0%| F|  |TAMS 0x0000000085000000, 0x0000000085000000| Untracked 
|  31|0x0000000085100000, 0x0000000085100000, 0x0000000085200000|  0%| F|  |TAMS 0x0000000085100000, 0x0000000085100000| Untracked 
|  32|0x0000000085200000, 0x0000000085200000, 0x0000000085300000|  0%| F|  |TAMS 0x0000000085200000, 0x0000000085200000| Untracked 
|  33|0x0000000085300000, 0x0000000085300000, 0x0000000085400000|  0%| F|  |TAMS 0x0000000085300000, 0x0000000085300000| Untracked 
|  34|0x0000000085400000, 0x0000000085400000, 0x0000000085500000|  0%| F|  |TAMS 0x0000000085400000, 0x0000000085400000| Untracked 
|  35|0x0000000085500000, 0x0000000085500000, 0x0000000085600000|  0%| F|  |TAMS 0x0000000085500000, 0x0000000085500000| Untracked 
|  36|0x0000000085600000, 0x0000000085600000, 0x0000000085700000|  0%| F|  |TAMS 0x0000000085600000, 0x0000000085600000| Untracked 
|  37|0x0000000085700000, 0x0000000085700000, 0x0000000085800000|  0%| F|  |TAMS 0x0000000085700000, 0x0000000085700000| Untracked 
|  38|0x0000000085800000, 0x0000000085800000, 0x0000000085900000|  0%| F|  |TAMS 0x0000000085800000, 0x0000000085800000| Untracked 
|  39|0x0000000085900000, 0x0000000085900000, 0x0000000085a00000|  0%| F|  |TAMS 0x0000000085900000, 0x0000000085900000| Untracked 
|  40|0x0000000085a00000, 0x0000000085a00000, 0x0000000085b00000|  0%| F|  |TAMS 0x0000000085a00000, 0x0000000085a00000| Untracked 
|  41|0x0000000085b00000, 0x0000000085b00000, 0x0000000085c00000|  0%| F|  |TAMS 0x0000000085b00000, 0x0000000085b00000| Untracked 
|  42|0x0000000085c00000, 0x0000000085c00000, 0x0000000085d00000|  0%| F|  |TAMS 0x0000000085c00000, 0x0000000085c00000| Untracked 
|  43|0x0000000085d00000, 0x0000000085d00000, 0x0000000085e00000|  0%| F|  |TAMS 0x0000000085d00000, 0x0000000085d00000| Untracked 
|  44|0x0000000085e00000, 0x0000000085e00000, 0x0000000085f00000|  0%| F|  |TAMS 0x0000000085e00000, 0x0000000085e00000| Untracked 
|  45|0x0000000085f00000, 0x0000000085f00000, 0x0000000086000000|  0%| F|  |TAMS 0x0000000085f00000, 0x0000000085f00000| Untracked 
|  46|0x0000000086000000, 0x0000000086000000, 0x0000000086100000|  0%| F|  |TAMS 0x0000000086000000, 0x0000000086000000| Untracked 
|  47|0x0000000086100000, 0x0000000086100000, 0x0000000086200000|  0%| F|  |TAMS 0x0000000086100000, 0x0000000086100000| Untracked 
|  48|0x0000000086200000, 0x0000000086200000, 0x0000000086300000|  0%| F|  |TAMS 0x0000000086200000, 0x0000000086200000| Untracked 
|  49|0x0000000086300000, 0x0000000086300000, 0x0000000086400000|  0%| F|  |TAMS 0x0000000086300000, 0x0000000086300000| Untracked 
|  50|0x0000000086400000, 0x0000000086400000, 0x0000000086500000|  0%| F|  |TAMS 0x0000000086400000, 0x0000000086400000| Untracked 
|  51|0x0000000086500000, 0x0000000086500000, 0x0000000086600000|  0%| F|  |TAMS 0x0000000086500000, 0x0000000086500000| Untracked 
|  52|0x0000000086600000, 0x0000000086600000, 0x0000000086700000|  0%| F|  |TAMS 0x0000000086600000, 0x0000000086600000| Untracked 
|  53|0x0000000086700000, 0x0000000086700000, 0x0000000086800000|  0%| F|  |TAMS 0x0000000086700000, 0x0000000086700000| Untracked 
|  54|0x0000000086800000, 0x0000000086800000, 0x0000000086900000|  0%| F|  |TAMS 0x0000000086800000, 0x0000000086800000| Untracked 
|  55|0x0000000086900000, 0x0000000086900000, 0x0000000086a00000|  0%| F|  |TAMS 0x0000000086900000, 0x0000000086900000| Untracked 
|  56|0x0000000086a00000, 0x0000000086a00000, 0x0000000086b00000|  0%| F|  |TAMS 0x0000000086a00000, 0x0000000086a00000| Untracked 
|  57|0x0000000086b00000, 0x0000000086b00000, 0x0000000086c00000|  0%| F|  |TAMS 0x0000000086b00000, 0x0000000086b00000| Untracked 
|  58|0x0000000086c00000, 0x0000000086c00000, 0x0000000086d00000|  0%| F|  |TAMS 0x0000000086c00000, 0x0000000086c00000| Untracked 
|  59|0x0000000086d00000, 0x0000000086d00000, 0x0000000086e00000|  0%| F|  |TAMS 0x0000000086d00000, 0x0000000086d00000| Untracked 
|  60|0x0000000086e00000, 0x0000000086e00000, 0x0000000086f00000|  0%| F|  |TAMS 0x0000000086e00000, 0x0000000086e00000| Untracked 
|  61|0x0000000086f00000, 0x0000000086f00000, 0x0000000087000000|  0%| F|  |TAMS 0x0000000086f00000, 0x0000000086f00000| Untracked 
|  62|0x0000000087000000, 0x0000000087000000, 0x0000000087100000|  0%| F|  |TAMS 0x0000000087000000, 0x0000000087000000| Untracked 
|  63|0x0000000087100000, 0x0000000087100000, 0x0000000087200000|  0%| F|  |TAMS 0x0000000087100000, 0x0000000087100000| Untracked 
|  64|0x0000000087200000, 0x0000000087200000, 0x0000000087300000|  0%| F|  |TAMS 0x0000000087200000, 0x0000000087200000| Untracked 
|  65|0x0000000087300000, 0x0000000087300000, 0x0000000087400000|  0%| F|  |TAMS 0x0000000087300000, 0x0000000087300000| Untracked 
|  66|0x0000000087400000, 0x0000000087400000, 0x0000000087500000|  0%| F|  |TAMS 0x0000000087400000, 0x0000000087400000| Untracked 
|  67|0x0000000087500000, 0x0000000087500000, 0x0000000087600000|  0%| F|  |TAMS 0x0000000087500000, 0x0000000087500000| Untracked 
|  68|0x0000000087600000, 0x0000000087600000, 0x0000000087700000|  0%| F|  |TAMS 0x0000000087600000, 0x0000000087600000| Untracked 
|  69|0x0000000087700000, 0x0000000087700000, 0x0000000087800000|  0%| F|  |TAMS 0x0000000087700000, 0x0000000087700000| Untracked 
|  70|0x0000000087800000, 0x0000000087800000, 0x0000000087900000|  0%| F|  |TAMS 0x0000000087800000, 0x0000000087800000| Untracked 
|  71|0x0000000087900000, 0x0000000087900000, 0x0000000087a00000|  0%| F|  |TAMS 0x0000000087900000, 0x0000000087900000| Untracked 
|  72|0x0000000087a00000, 0x0000000087a00000, 0x0000000087b00000|  0%| F|  |TAMS 0x0000000087a00000, 0x0000000087a00000| Untracked 
|  73|0x0000000087b00000, 0x0000000087b00000, 0x0000000087c00000|  0%| F|  |TAMS 0x0000000087b00000, 0x0000000087b00000| Untracked 
|  74|0x0000000087c00000, 0x0000000087c00000, 0x0000000087d00000|  0%| F|  |TAMS 0x0000000087c00000, 0x0000000087c00000| Untracked 
|  75|0x0000000087d00000, 0x0000000087d00000, 0x0000000087e00000|  0%| F|  |TAMS 0x0000000087d00000, 0x0000000087d00000| Untracked 
|  76|0x0000000087e00000, 0x0000000087e00000, 0x0000000087f00000|  0%| F|  |TAMS 0x0000000087e00000, 0x0000000087e00000| Untracked 
|  77|0x0000000087f00000, 0x0000000087f00000, 0x0000000088000000|  0%| F|  |TAMS 0x0000000087f00000, 0x0000000087f00000| Untracked 
|  78|0x0000000088000000, 0x0000000088000000, 0x0000000088100000|  0%| F|  |TAMS 0x0000000088000000, 0x0000000088000000| Untracked 
|  79|0x0000000088100000, 0x0000000088100000, 0x0000000088200000|  0%| F|  |TAMS 0x0000000088100000, 0x0000000088100000| Untracked 
|  80|0x0000000088200000, 0x0000000088200000, 0x0000000088300000|  0%| F|  |TAMS 0x0000000088200000, 0x0000000088200000| Untracked 
|  81|0x0000000088300000, 0x0000000088300000, 0x0000000088400000|  0%| F|  |TAMS 0x0000000088300000, 0x0000000088300000| Untracked 
|  82|0x0000000088400000, 0x0000000088400000, 0x0000000088500000|  0%| F|  |TAMS 0x0000000088400000, 0x0000000088400000| Untracked 
|  83|0x0000000088500000, 0x0000000088500000, 0x0000000088600000|  0%| F|  |TAMS 0x0000000088500000, 0x0000000088500000| Untracked 
|  84|0x0000000088600000, 0x0000000088600000, 0x0000000088700000|  0%| F|  |TAMS 0x0000000088600000, 0x0000000088600000| Untracked 
|  85|0x0000000088700000, 0x0000000088700000, 0x0000000088800000|  0%| F|  |TAMS 0x0000000088700000, 0x0000000088700000| Untracked 
|  86|0x0000000088800000, 0x0000000088800000, 0x0000000088900000|  0%| F|  |TAMS 0x0000000088800000, 0x0000000088800000| Untracked 
|  87|0x0000000088900000, 0x0000000088900000, 0x0000000088a00000|  0%| F|  |TAMS 0x0000000088900000, 0x0000000088900000| Untracked 
|  88|0x0000000088a00000, 0x0000000088a00000, 0x0000000088b00000|  0%| F|  |TAMS 0x0000000088a00000, 0x0000000088a00000| Untracked 
|  89|0x0000000088b00000, 0x0000000088b00000, 0x0000000088c00000|  0%| F|  |TAMS 0x0000000088b00000, 0x0000000088b00000| Untracked 
|  90|0x0000000088c00000, 0x0000000088c00000, 0x0000000088d00000|  0%| F|  |TAMS 0x0000000088c00000, 0x0000000088c00000| Untracked 
|  91|0x0000000088d00000, 0x0000000088d00000, 0x0000000088e00000|  0%| F|  |TAMS 0x0000000088d00000, 0x0000000088d00000| Untracked 
|  92|0x0000000088e00000, 0x0000000088e00000, 0x0000000088f00000|  0%| F|  |TAMS 0x0000000088e00000, 0x0000000088e00000| Untracked 
|  93|0x0000000088f00000, 0x0000000088f00000, 0x0000000089000000|  0%| F|  |TAMS 0x0000000088f00000, 0x0000000088f00000| Untracked 
|  94|0x0000000089000000, 0x0000000089000000, 0x0000000089100000|  0%| F|  |TAMS 0x0000000089000000, 0x0000000089000000| Untracked 
|  95|0x0000000089100000, 0x0000000089100000, 0x0000000089200000|  0%| F|  |TAMS 0x0000000089100000, 0x0000000089100000| Untracked 
|  96|0x0000000089200000, 0x0000000089200000, 0x0000000089300000|  0%| F|  |TAMS 0x0000000089200000, 0x0000000089200000| Untracked 
|  97|0x0000000089300000, 0x0000000089300000, 0x0000000089400000|  0%| F|  |TAMS 0x0000000089300000, 0x0000000089300000| Untracked 
|  98|0x0000000089400000, 0x0000000089400000, 0x0000000089500000|  0%| F|  |TAMS 0x0000000089400000, 0x0000000089400000| Untracked 
|  99|0x0000000089500000, 0x0000000089500000, 0x0000000089600000|  0%| F|  |TAMS 0x0000000089500000, 0x0000000089500000| Untracked 
| 100|0x0000000089600000, 0x0000000089600000, 0x0000000089700000|  0%| F|  |TAMS 0x0000000089600000, 0x0000000089600000| Untracked 
| 101|0x0000000089700000, 0x0000000089700000, 0x0000000089800000|  0%| F|  |TAMS 0x0000000089700000, 0x0000000089700000| Untracked 
| 102|0x0000000089800000, 0x0000000089800000, 0x0000000089900000|  0%| F|  |TAMS 0x0000000089800000, 0x0000000089800000| Untracked 
| 103|0x0000000089900000, 0x0000000089900000, 0x0000000089a00000|  0%| F|  |TAMS 0x0000000089900000, 0x0000000089900000| Untracked 
| 104|0x0000000089a00000, 0x0000000089a00000, 0x0000000089b00000|  0%| F|  |TAMS 0x0000000089a00000, 0x0000000089a00000| Untracked 
| 105|0x0000000089b00000, 0x0000000089b00000, 0x0000000089c00000|  0%| F|  |TAMS 0x0000000089b00000, 0x0000000089b00000| Untracked 
| 106|0x0000000089c00000, 0x0000000089c00000, 0x0000000089d00000|  0%| F|  |TAMS 0x0000000089c00000, 0x0000000089c00000| Untracked 
| 107|0x0000000089d00000, 0x0000000089d00000, 0x0000000089e00000|  0%| F|  |TAMS 0x0000000089d00000, 0x0000000089d00000| Untracked 
| 108|0x0000000089e00000, 0x0000000089e00000, 0x0000000089f00000|  0%| F|  |TAMS 0x0000000089e00000, 0x0000000089e00000| Untracked 
| 109|0x0000000089f00000, 0x0000000089f00000, 0x000000008a000000|  0%| F|  |TAMS 0x0000000089f00000, 0x0000000089f00000| Untracked 
| 110|0x000000008a000000, 0x000000008a000000, 0x000000008a100000|  0%| F|  |TAMS 0x000000008a000000, 0x000000008a000000| Untracked 
| 111|0x000000008a100000, 0x000000008a100000, 0x000000008a200000|  0%| F|  |TAMS 0x000000008a100000, 0x000000008a100000| Untracked 
| 112|0x000000008a200000, 0x000000008a200000, 0x000000008a300000|  0%| F|  |TAMS 0x000000008a200000, 0x000000008a200000| Untracked 
| 113|0x000000008a300000, 0x000000008a300000, 0x000000008a400000|  0%| F|  |TAMS 0x000000008a300000, 0x000000008a300000| Untracked 
| 114|0x000000008a400000, 0x000000008a400000, 0x000000008a500000|  0%| F|  |TAMS 0x000000008a400000, 0x000000008a400000| Untracked 
| 115|0x000000008a500000, 0x000000008a500000, 0x000000008a600000|  0%| F|  |TAMS 0x000000008a500000, 0x000000008a500000| Untracked 
| 116|0x000000008a600000, 0x000000008a600000, 0x000000008a700000|  0%| F|  |TAMS 0x000000008a600000, 0x000000008a600000| Untracked 
| 117|0x000000008a700000, 0x000000008a700000, 0x000000008a800000|  0%| F|  |TAMS 0x000000008a700000, 0x000000008a700000| Untracked 
| 118|0x000000008a800000, 0x000000008a800000, 0x000000008a900000|  0%| F|  |TAMS 0x000000008a800000, 0x000000008a800000| Untracked 
| 119|0x000000008a900000, 0x000000008a900000, 0x000000008aa00000|  0%| F|  |TAMS 0x000000008a900000, 0x000000008a900000| Untracked 
| 120|0x000000008aa00000, 0x000000008aa00000, 0x000000008ab00000|  0%| F|  |TAMS 0x000000008aa00000, 0x000000008aa00000| Untracked 
| 121|0x000000008ab00000, 0x000000008ab00000, 0x000000008ac00000|  0%| F|  |TAMS 0x000000008ab00000, 0x000000008ab00000| Untracked 
| 122|0x000000008ac00000, 0x000000008ac00000, 0x000000008ad00000|  0%| F|  |TAMS 0x000000008ac00000, 0x000000008ac00000| Untracked 
| 123|0x000000008ad00000, 0x000000008ad00000, 0x000000008ae00000|  0%| F|  |TAMS 0x000000008ad00000, 0x000000008ad00000| Untracked 
| 124|0x000000008ae00000, 0x000000008ae00000, 0x000000008af00000|  0%| F|  |TAMS 0x000000008ae00000, 0x000000008ae00000| Untracked 
| 125|0x000000008af00000, 0x000000008af75c38, 0x000000008b000000| 46%| E|  |TAMS 0x000000008af00000, 0x000000008af00000| Complete 

Card table byte_map: [0x0000017148ae0000,0x0000017148ed0000] _byte_map_base: 0x00000171486c7000

Marking Bits (Prev, Next): (CMBitMap*) 0x00000171359e0990, (CMBitMap*) 0x00000171359e09d0
 Prev Bits: [0x00000171492c0000, 0x000001714b1f8000)
 Next Bits: [0x000001714b200000, 0x000001714d138000)

Polling page: 0x0000017133990000

Metaspace:

Usage:
  Non-class:      4.00 MB capacity,     2.25 MB ( 56%) used,     1.75 MB ( 44%) free+waste,    64 bytes ( <1%) overhead. 
      Class:    384.00 KB capacity,   195.91 KB ( 51%) used,   188.02 KB ( 49%) free+waste,    64 bytes ( <1%) overhead. 
       Both:      4.38 MB capacity,     2.44 MB ( 56%) used,     1.93 MB ( 44%) free+waste,   128 bytes ( <1%) overhead. 

Virtual space:
  Non-class space:        8.00 MB reserved,       4.00 MB ( 50%) committed 
      Class space:        1.00 GB reserved,     384.00 KB ( <1%) committed 
             Both:        1.01 GB reserved,       4.38 MB ( <1%) committed 

Chunk freelists:
   Non-Class:  0 bytes
       Class:  0 bytes
        Both:  0 bytes

MaxMetaspaceSize: 17179869184.00 GB
CompressedClassSpaceSize: 1.00 GB

CodeHeap 'non-profiled nmethods': size=120000Kb used=0Kb max_used=0Kb free=120000Kb
 bounds [0x0000017140e90000, 0x0000017141100000, 0x00000171483c0000]
CodeHeap 'profiled nmethods': size=120000Kb used=0Kb max_used=0Kb free=120000Kb
 bounds [0x0000017139960000, 0x0000017139bd0000, 0x0000017140e90000]
CodeHeap 'non-nmethods': size=5760Kb used=1024Kb max_used=1024Kb free=4735Kb
 bounds [0x00000171393c0000, 0x0000017139630000, 0x0000017139960000]
 total_blobs=242 nmethods=0 adapters=156
 compilation: enabled
              stopped_count=0, restarted_count=0
 full_count=0

Compilation events (0 events):
No events

GC Heap History (0 events):
No events

Deoptimization events (0 events):
No events

Classes unloaded (0 events):
No events

Classes redefined (0 events):
No events

Internal exceptions (0 events):
No events

Events (20 events):
Event: 0.072 loading class java/util/Collections done
Event: 0.072 loading class java/util/Collections$EmptySet
Event: 0.072 loading class java/util/Collections$EmptySet done
Event: 0.072 loading class java/util/Collections$EmptyList
Event: 0.072 loading class java/util/AbstractList
Event: 0.072 loading class java/util/AbstractList done
Event: 0.072 loading class java/util/Collections$EmptyList done
Event: 0.072 loading class java/util/Collections$EmptyMap
Event: 0.072 loading class java/util/Collections$EmptyMap done
Event: 0.073 loading class java/lang/IllegalArgumentException
Event: 0.073 loading class java/lang/IllegalArgumentException done
Event: 0.073 Thread 0x000001714fbc5e50 Thread added: 0x000001714fbc5e50
Event: 0.073 Thread 0x000001714fbc8c20 Thread added: 0x000001714fbc8c20
Event: 0.073 Thread 0x000001715040b0e0 Thread added: 0x000001715040b0e0
Event: 0.073 Thread 0x000001715040bdd0 Thread added: 0x000001715040bdd0
Event: 0.077 Thread 0x0000017150479b80 Thread added: 0x0000017150479b80
Event: 0.077 Thread 0x000001715047e940 Thread added: 0x000001715047e940
Event: 0.077 loading class java/lang/invoke/MethodHandleStatics
Event: 0.077 loading class java/lang/invoke/MethodHandleStatics done
Event: 0.078 loading class jdk/internal/module/ModuleBootstrap


Dynamic libraries:
0x00007ff696160000 - 0x00007ff69616d000 	C:\Users\atlon\.p2\pool\plugins\org.eclipse.justj.openjdk.hotspot.jre.full.win32.x86_64_15.0.2.v20210201-0955\jre\bin\javaw.exe
0x00007fff91390000 - 0x00007fff91586000 	C:\Windows\SYSTEM32\ntdll.dll
0x00007fff90e70000 - 0x00007fff90f2d000 	C:\Windows\System32\KERNEL32.DLL
0x00007fff8ee90000 - 0x00007fff8f159000 	C:\Windows\System32\KERNELBASE.dll
0x00007fff8f160000 - 0x00007fff8f260000 	C:\Windows\System32\ucrtbase.dll
0x00007fff78b60000 - 0x00007fff78b79000 	C:\Users\atlon\.p2\pool\plugins\org.eclipse.justj.openjdk.hotspot.jre.full.win32.x86_64_15.0.2.v20210201-0955\jre\bin\VCRUNTIME140.dll
0x00007fff82080000 - 0x00007fff82098000 	C:\Users\atlon\.p2\pool\plugins\org.eclipse.justj.openjdk.hotspot.jre.full.win32.x86_64_15.0.2.v20210201-0955\jre\bin\jli.dll
0x00007fff907b0000 - 0x00007fff90950000 	C:\Windows\System32\USER32.dll
0x00007fff8f390000 - 0x00007fff8f3b2000 	C:\Windows\System32\win32u.dll
0x00007fff90d60000 - 0x00007fff90d8a000 	C:\Windows\System32\GDI32.dll
0x00007fff8ed80000 - 0x00007fff8ee8b000 	C:\Windows\System32\gdi32full.dll
0x00007fff8ece0000 - 0x00007fff8ed7d000 	C:\Windows\System32\msvcp_win.dll
0x00007fff763e0000 - 0x00007fff7667b000 	C:\Windows\WinSxS\amd64_microsoft.windows.common-controls_6595b64144ccf1df_6.0.19041.746_none_ca02b4b61b8320a4\COMCTL32.dll
0x00007fff90cb0000 - 0x00007fff90d4e000 	C:\Windows\System32\msvcrt.dll
0x00007fff90320000 - 0x00007fff90350000 	C:\Windows\System32\IMM32.DLL
0x00007fff8b440000 - 0x00007fff8b44c000 	C:\Users\atlon\.p2\pool\plugins\org.eclipse.justj.openjdk.hotspot.jre.full.win32.x86_64_15.0.2.v20210201-0955\jre\bin\vcruntime140_1.dll
0x00007fff70d70000 - 0x00007fff70e01000 	C:\Users\atlon\.p2\pool\plugins\org.eclipse.justj.openjdk.hotspot.jre.full.win32.x86_64_15.0.2.v20210201-0955\jre\bin\msvcp140.dll
0x00007fff33430000 - 0x00007fff33f8e000 	C:\Users\atlon\.p2\pool\plugins\org.eclipse.justj.openjdk.hotspot.jre.full.win32.x86_64_15.0.2.v20210201-0955\jre\bin\server\jvm.dll
0x00007fff90950000 - 0x00007fff909fc000 	C:\Windows\System32\ADVAPI32.dll
0x00007fff90710000 - 0x00007fff907ac000 	C:\Windows\System32\sechost.dll
0x00007fff90b80000 - 0x00007fff90cab000 	C:\Windows\System32\RPCRT4.dll
0x00007fff91170000 - 0x00007fff91178000 	C:\Windows\System32\PSAPI.DLL
0x00007fff87fa0000 - 0x00007fff87fa9000 	C:\Windows\SYSTEM32\WSOCK32.dll
0x00007fff90ab0000 - 0x00007fff90b1b000 	C:\Windows\System32\WS2_32.dll
0x00007fff7c010000 - 0x00007fff7c037000 	C:\Windows\SYSTEM32\WINMM.dll
0x00007fff83490000 - 0x00007fff8349a000 	C:\Windows\SYSTEM32\VERSION.dll
0x00007fff8d3a0000 - 0x00007fff8d3b2000 	C:\Windows\SYSTEM32\kernel.appcore.dll
0x00007fff83960000 - 0x00007fff8396a000 	C:\Users\atlon\.p2\pool\plugins\org.eclipse.justj.openjdk.hotspot.jre.full.win32.x86_64_15.0.2.v20210201-0955\jre\bin\jimage.dll
0x00007fff8d0b0000 - 0x00007fff8d294000 	C:\Windows\SYSTEM32\DBGHELP.DLL
0x00007fff82e00000 - 0x00007fff82e2c000 	C:\Windows\SYSTEM32\dbgcore.DLL
0x00007fff8f310000 - 0x00007fff8f390000 	C:\Windows\System32\bcryptPrimitives.dll
0x00007fff733d0000 - 0x00007fff733f5000 	C:\Users\atlon\.p2\pool\plugins\org.eclipse.justj.openjdk.hotspot.jre.full.win32.x86_64_15.0.2.v20210201-0955\jre\bin\java.dll
0x00007fff75520000 - 0x00007fff75538000 	C:\Users\atlon\.p2\pool\plugins\org.eclipse.justj.openjdk.hotspot.jre.full.win32.x86_64_15.0.2.v20210201-0955\jre\bin\zip.dll
0x00007fff8f930000 - 0x00007fff90072000 	C:\Windows\System32\SHELL32.dll
0x00007fff8c850000 - 0x00007fff8cfe0000 	C:\Windows\SYSTEM32\windows.storage.dll
0x00007fff903b0000 - 0x00007fff90706000 	C:\Windows\System32\combase.dll
0x00007fff8e4c0000 - 0x00007fff8e4ec000 	C:\Windows\SYSTEM32\Wldp.dll
0x00007fff912a0000 - 0x00007fff9134e000 	C:\Windows\System32\SHCORE.dll
0x00007fff90080000 - 0x00007fff900d5000 	C:\Windows\System32\shlwapi.dll
0x00007fff8ea00000 - 0x00007fff8ea26000 	C:\Windows\SYSTEM32\profapi.dll

dbghelp: loaded successfully - version: 4.0.5 - missing functions: none
symbol engine: initialized successfully - sym options: 0x614 - pdb path: .;C:\Users\atlon\.p2\pool\plugins\org.eclipse.justj.openjdk.hotspot.jre.full.win32.x86_64_15.0.2.v20210201-0955\jre\bin;C:\Windows\SYSTEM32;C:\Windows\WinSxS\amd64_microsoft.windows.common-controls_6595b64144ccf1df_6.0.19041.746_none_ca02b4b61b8320a4;C:\Users\atlon\.p2\pool\plugins\org.eclipse.justj.openjdk.hotspot.jre.full.win32.x86_64_15.0.2.v20210201-0955\jre\bin\server

VM Arguments:
jvm_args: -Dfile.encoding=Cp1252 -XX:+ShowCodeDetailsInExceptionMessages 
java_command: LongstaffASearch
java_class_path (initial): D:\ICS4U1\LongstaffASearch\bin
Launcher Type: SUN_STANDARD

[Global flags]
     intx CICompilerCount                          = 4                                         {product} {ergonomic}
     uint ConcGCThreads                            = 2                                         {product} {ergonomic}
     uint G1ConcRefinementThreads                  = 8                                         {product} {ergonomic}
   size_t G1HeapRegionSize                         = 1048576                                   {product} {ergonomic}
    uintx GCDrainStackTargetSize                   = 64                                        {product} {ergonomic}
   size_t InitialHeapSize                          = 132120576                                 {product} {ergonomic}
   size_t MarkStackSize                            = 4194304                                   {product} {ergonomic}
   size_t MaxHeapSize                              = 2095054848                                {product} {ergonomic}
   size_t MaxNewSize                               = 1256194048                                {product} {ergonomic}
   size_t MinHeapDeltaBytes                        = 1048576                                   {product} {ergonomic}
   size_t MinHeapSize                              = 8388608                                   {product} {ergonomic}
    uintx NonNMethodCodeHeapSize                   = 5839372                                {pd product} {ergonomic}
    uintx NonProfiledCodeHeapSize                  = 122909434                              {pd product} {ergonomic}
    uintx ProfiledCodeHeapSize                     = 122909434                              {pd product} {ergonomic}
    uintx ReservedCodeCacheSize                    = 251658240                              {pd product} {ergonomic}
     bool SegmentedCodeCache                       = true                                      {product} {ergonomic}
     bool ShowCodeDetailsInExceptionMessages       = true                                   {manageable} {command line}
   size_t SoftMaxHeapSize                          = 2095054848                             {manageable} {ergonomic}
     bool UseCompressedClassPointers               = true                                 {lp64_product} {ergonomic}
     bool UseCompressedOops                        = true                                 {lp64_product} {ergonomic}
     bool UseG1GC                                  = true                                      {product} {ergonomic}
     bool UseLargePagesIndividualAllocation        = false                                  {pd product} {ergonomic}

Logging:
Log output configuration:
 #0: stdout all=warning uptime,level,tags
 #1: stderr all=off uptime,level,tags

Environment Variables:
PATH=C:/Users/atlon/.p2/pool/plugins/org.eclipse.justj.openjdk.hotspot.jre.full.win32.x86_64_15.0.2.v20210201-0955/jre/bin/server;C:/Users/atlon/.p2/pool/plugins/org.eclipse.justj.openjdk.hotspot.jre.full.win32.x86_64_15.0.2.v20210201-0955/jre/bin;C:\Program Files\NVIDIA GPU Computing Toolkit\CUDA\v11.2\bin;C:\Program Files\NVIDIA GPU Computing Toolkit\CUDA\v11.2\libnvvp;C:\Program Files (x86)\Common Files\Oracle\Java\javapath;C:\Program Files\Oculus\Support\oculus-runtime;C:\Windows\system32;C:\Windows;C:\Windows\System32\Wbem;C:\Windows\System32\WindowsPowerShell\v1.0\;C:\Windows\System32\OpenSSH\;C:\Program Files (x86)\NVIDIA Corporation\PhysX\Common;C:\Program Files\NVIDIA Corporation\NVIDIA NvDLISR;C:\Program Files\NVIDIA Corporation\Nsight Compute 2020.3.0\;C:\Program Files (x86)\GtkSharp\2.12\bin;C:\Users\atlon\AppData\Local\Microsoft\WindowsApps;C:\Users\atlon\AppData\Local\GitHubDesktop\bin;C:\Users\atlon\OneDrive\Desktop;
USERNAME=atlon
OS=Windows_NT
PROCESSOR_IDENTIFIER=Intel64 Family 6 Model 165 Stepping 2, GenuineIntel



---------------  S Y S T E M  ---------------

OS:
 Windows 10 , 64 bit Build 19041 (10.0.19041.804)
OS uptime: 5 days 13:10 hours

CPU: total 8 (initial active 8) (4 cores per cpu, 2 threads per core) family 6 model 165 stepping 2 microcode 0xe2, cmov, cx8, fxsr, mmx, sse, sse2, sse3, ssse3, sse4.1, sse4.2, popcnt, vzeroupper, avx, avx2, aes, clmul, erms, 3dnowpref, lzcnt, ht, tsc, tscinvbit, bmi1, bmi2, adx, fma, clflush, clflushopt

Memory: 4k page, system-wide physical 7985M (2481M free)
TotalPageFile size 19933M (AvailPageFile size 3M)
current process WorkingSet (physical memory assigned to process): 23M, peak: 23M
current process commit charge ("private bytes"): 199M, peak: 199M

vm_info: OpenJDK 64-Bit Server VM (15.0.2+7-27) for windows-amd64 JRE (15.0.2+7-27), built on Dec  7 2020 20:02:38 by "mach5one" with unknown MS VC++:1925

END.
