#
# There is insufficient memory for the Java Runtime Environment to continue.
# Native memory allocation (mmap) failed to map 132120576 bytes for G1 virtual space
# Possible reasons:
#   The system is out of physical RAM or swap space
#   The process is running with CompressedOops enabled, and the Java Heap may be blocking the growth of the native heap
# Possible solutions:
#   Reduce memory load on the system
#   Increase physical memory or swap space
#   Check if swap backing store is full
#   Decrease Java heap size (-Xmx/-Xms)
#   Decrease number of Java threads
#   Decrease Java thread stack sizes (-Xss)
#   Set larger code cache with -XX:ReservedCodeCacheSize=
#   JVM is running with Unscaled Compressed Oops mode in which the Java heap is
#     placed in the first 4GB address space. The Java Heap base address is the
#     maximum limit for the native heap growth. Please use -XX:HeapBaseMinAddress
#     to set the Java Heap base and to place the Java Heap above 4GB virtual address.
# This output file may be truncated or incomplete.
#
#  Out of Memory Error (./open/src/hotspot/os/windows/os_windows.cpp:3321), pid=24168, tid=24004
#
# JRE version:  (15.0.2+7) (build )
# Java VM: OpenJDK 64-Bit Server VM (15.0.2+7-27, mixed mode, sharing, tiered, compressed oops, g1 gc, windows-amd64)
# No core dump will be written. Minidumps are not enabled by default on client versions of Windows
#

---------------  S U M M A R Y ------------

Command Line: -Dfile.encoding=Cp1252 -XX:+ShowCodeDetailsInExceptionMessages LongstaffA2Darrays

Host: Intel(R) Core(TM) i5-10300H CPU @ 2.50GHz, 8 cores, 7G,  Windows 10 , 64 bit Build 19041 (10.0.19041.804)
Time: Wed Feb 17 21:30:41 2021 Eastern Standard Time elapsed time: 0.008550 seconds (0d 0h 0m 0s)

---------------  T H R E A D  ---------------

Current thread (0x0000026e5b8d8ad0):  JavaThread "Unknown thread" [_thread_in_vm, id=24004, stack(0x000000a3c5600000,0x000000a3c5700000)]

Stack: [0x000000a3c5600000,0x000000a3c5700000]
Native frames: (J=compiled Java code, j=interpreted, Vv=VM code, C=native code)
V  [jvm.dll+0x62ae9a]
V  [jvm.dll+0x7817a9]
V  [jvm.dll+0x782f03]
V  [jvm.dll+0x783563]
V  [jvm.dll+0x216325]
V  [jvm.dll+0x6281d9]
V  [jvm.dll+0x61cf55]
V  [jvm.dll+0x2cffdd]
V  [jvm.dll+0x2cfe42]
V  [jvm.dll+0x2d5e1c]
V  [jvm.dll+0x32590a]
V  [jvm.dll+0x324fd4]
V  [jvm.dll+0x2a6f5a]
V  [jvm.dll+0x2a80f8]
V  [jvm.dll+0x75e241]
V  [jvm.dll+0x3341c4]
V  [jvm.dll+0x73e926]
V  [jvm.dll+0x3b7557]
V  [jvm.dll+0x3b8fe1]
C  [jli.dll+0x52fb]
C  [ucrtbase.dll+0x21bb2]
C  [KERNEL32.DLL+0x17034]
C  [ntdll.dll+0x4d241]


---------------  P R O C E S S  ---------------

Threads class SMR info:
_java_thread_list=0x00007ffc49544ff0, length=0, elements={
}

Java Threads: ( => current thread )

Other Threads:
  0x0000026e5b9121d0 GCTaskThread "GC Thread#0" [stack: 0x000000a3c5700000,0x000000a3c5800000] [id=13356]
  0x0000026e5b9244a0 ConcurrentGCThread "G1 Main Marker" [stack: 0x000000a3c5800000,0x000000a3c5900000] [id=19712]
  0x0000026e5b925fb0 ConcurrentGCThread "G1 Conc#0" [stack: 0x000000a3c5900000,0x000000a3c5a00000] [id=21896]

[error occurred during error reporting (printing all threads), id 0xc0000005, EXCEPTION_ACCESS_VIOLATION (0xc0000005) at pc=0x00007ffc48d37e27]

VM state: not at safepoint (not fully initialized)

VM Mutex/Monitor currently owned by a thread:  ([mutex/lock_event])
[0x0000026e5b8d4f70] Heap_lock - owner thread: 0x0000026e5b8d8ad0

Heap address: 0x0000000083200000, size: 1998 MB, Compressed Oops mode: 32-bit
CDS archive(s) mapped at: [0x0000000000000000-0x0000000000000000-0x0000000000000000), size 0, SharedBaseAddress: 0x0000000800000000, ArchiveRelocationMode: 0.
Narrow klass base: 0x0000000000000000, Narrow klass shift: 0, Narrow klass range: 0x0

Heap:
 garbage-first heap   total 129024K, used 0K [0x0000000083200000, 0x0000000100000000)
  region size 1024K, 0 young (0K), 0 survivors (0K)
 Metaspace       used 0K, capacity 0K, committed 0K, reserved 0K
  class space    used 0K, capacity 0K, committed 0K, reserved 0K

Heap Regions: E=young(eden), S=young(survivor), O=old, HS=humongous(starts), HC=humongous(continues), CS=collection set, F=free, OA=open archive, CA=closed archive, TAMS=top-at-mark-start (previous, next)

Card table byte_map: [0x0000026e6ea10000,0x0000026e6ee00000] _byte_map_base: 0x0000026e6e5f7000

Marking Bits (Prev, Next): (CMBitMap*) 0x0000026e5b912950, (CMBitMap*) 0x0000026e5b912990
 Prev Bits: [0x0000026e6f1f0000, 0x0000026e71128000)
 Next Bits: [0x0000026e71130000, 0x0000026e73068000)

GC Heap History (0 events):
No events

Deoptimization events (0 events):
No events

Classes unloaded (0 events):
No events

Classes redefined (0 events):
No events

Internal exceptions (0 events):
No events

Events (1 events):
Event: 0.004 Loaded shared library C:\Users\atlon\.p2\pool\plugins\org.eclipse.justj.openjdk.hotspot.jre.full.win32.x86_64_15.0.2.v20210201-0955\jre\bin\java.dll


Dynamic libraries:
0x00007ff759960000 - 0x00007ff75996d000 	C:\Users\atlon\.p2\pool\plugins\org.eclipse.justj.openjdk.hotspot.jre.full.win32.x86_64_15.0.2.v20210201-0955\jre\bin\javaw.exe
0x00007ffcc61b0000 - 0x00007ffcc63a6000 	C:\Windows\SYSTEM32\ntdll.dll
0x00007ffcc47b0000 - 0x00007ffcc486d000 	C:\Windows\System32\KERNEL32.DLL
0x00007ffcc3dc0000 - 0x00007ffcc4089000 	C:\Windows\System32\KERNELBASE.dll
0x00007ffcc38f0000 - 0x00007ffcc39f0000 	C:\Windows\System32\ucrtbase.dll
0x00007ffcbacd0000 - 0x00007ffcbace8000 	C:\Users\atlon\.p2\pool\plugins\org.eclipse.justj.openjdk.hotspot.jre.full.win32.x86_64_15.0.2.v20210201-0955\jre\bin\jli.dll
0x00007ffcba7a0000 - 0x00007ffcba7b9000 	C:\Users\atlon\.p2\pool\plugins\org.eclipse.justj.openjdk.hotspot.jre.full.win32.x86_64_15.0.2.v20210201-0955\jre\bin\VCRUNTIME140.dll
0x00007ffcc5000000 - 0x00007ffcc51a0000 	C:\Windows\System32\USER32.dll
0x00007ffcc4090000 - 0x00007ffcc40b2000 	C:\Windows\System32\win32u.dll
0x00007ffca2ca0000 - 0x00007ffca2f3b000 	C:\Windows\WinSxS\amd64_microsoft.windows.common-controls_6595b64144ccf1df_6.0.19041.746_none_ca02b4b61b8320a4\COMCTL32.dll
0x00007ffcc6140000 - 0x00007ffcc616a000 	C:\Windows\System32\GDI32.dll
0x00007ffcc5ca0000 - 0x00007ffcc5d3e000 	C:\Windows\System32\msvcrt.dll
0x00007ffcc39f0000 - 0x00007ffcc3afb000 	C:\Windows\System32\gdi32full.dll
0x00007ffcc4170000 - 0x00007ffcc420d000 	C:\Windows\System32\msvcp_win.dll
0x00007ffcc4710000 - 0x00007ffcc4740000 	C:\Windows\System32\IMM32.DLL
0x00007ffcba790000 - 0x00007ffcba79c000 	C:\Users\atlon\.p2\pool\plugins\org.eclipse.justj.openjdk.hotspot.jre.full.win32.x86_64_15.0.2.v20210201-0955\jre\bin\vcruntime140_1.dll
0x00007ffcb3100000 - 0x00007ffcb3191000 	C:\Users\atlon\.p2\pool\plugins\org.eclipse.justj.openjdk.hotspot.jre.full.win32.x86_64_15.0.2.v20210201-0955\jre\bin\msvcp140.dll
0x00007ffc48a80000 - 0x00007ffc495de000 	C:\Users\atlon\.p2\pool\plugins\org.eclipse.justj.openjdk.hotspot.jre.full.win32.x86_64_15.0.2.v20210201-0955\jre\bin\server\jvm.dll
0x00007ffcc4e60000 - 0x00007ffcc4f0c000 	C:\Windows\System32\ADVAPI32.dll
0x00007ffcc5a20000 - 0x00007ffcc5abc000 	C:\Windows\System32\sechost.dll
0x00007ffcc58f0000 - 0x00007ffcc5a1b000 	C:\Windows\System32\RPCRT4.dll
0x00007ffcc4700000 - 0x00007ffcc4708000 	C:\Windows\System32\PSAPI.DLL
0x00007ffcbc280000 - 0x00007ffcbc289000 	C:\Windows\SYSTEM32\WSOCK32.dll
0x00007ffcb80b0000 - 0x00007ffcb80ba000 	C:\Windows\SYSTEM32\VERSION.dll
0x00007ffcb4bd0000 - 0x00007ffcb4bf7000 	C:\Windows\SYSTEM32\WINMM.dll
0x00007ffcc4d40000 - 0x00007ffcc4dab000 	C:\Windows\System32\WS2_32.dll
0x00007ffcc21c0000 - 0x00007ffcc21d2000 	C:\Windows\SYSTEM32\kernel.appcore.dll
0x00007ffcbab30000 - 0x00007ffcbab3a000 	C:\Users\atlon\.p2\pool\plugins\org.eclipse.justj.openjdk.hotspot.jre.full.win32.x86_64_15.0.2.v20210201-0955\jre\bin\jimage.dll
0x00007ffcc1ed0000 - 0x00007ffcc20b4000 	C:\Windows\SYSTEM32\DBGHELP.DLL
0x00007ffcb7de0000 - 0x00007ffcb7e0c000 	C:\Windows\SYSTEM32\dbgcore.DLL
0x00007ffcc3b00000 - 0x00007ffcc3b80000 	C:\Windows\System32\bcryptPrimitives.dll
0x00007ffcb9870000 - 0x00007ffcb9895000 	C:\Users\atlon\.p2\pool\plugins\org.eclipse.justj.openjdk.hotspot.jre.full.win32.x86_64_15.0.2.v20210201-0955\jre\bin\java.dll

dbghelp: loaded successfully - version: 4.0.5 - missing functions: none
symbol engine: initialized successfully - sym options: 0x614 - pdb path: .;C:\Users\atlon\.p2\pool\plugins\org.eclipse.justj.openjdk.hotspot.jre.full.win32.x86_64_15.0.2.v20210201-0955\jre\bin;C:\Windows\SYSTEM32;C:\Windows\WinSxS\amd64_microsoft.windows.common-controls_6595b64144ccf1df_6.0.19041.746_none_ca02b4b61b8320a4;C:\Users\atlon\.p2\pool\plugins\org.eclipse.justj.openjdk.hotspot.jre.full.win32.x86_64_15.0.2.v20210201-0955\jre\bin\server

VM Arguments:
jvm_args: -Dfile.encoding=Cp1252 -XX:+ShowCodeDetailsInExceptionMessages 
java_command: LongstaffA2Darrays
java_class_path (initial): D:\ICS4U1\Practice questions\LongstaffA2Darrays\bin
Launcher Type: SUN_STANDARD

[Global flags]
     intx CICompilerCount                          = 4                                         {product} {ergonomic}
     uint ConcGCThreads                            = 2                                         {product} {ergonomic}
     uint G1ConcRefinementThreads                  = 8                                         {product} {ergonomic}
   size_t G1HeapRegionSize                         = 1048576                                   {product} {ergonomic}
    uintx GCDrainStackTargetSize                   = 64                                        {product} {ergonomic}
   size_t InitialHeapSize                          = 132120576                                 {product} {ergonomic}
   size_t MarkStackSize                            = 4194304                                   {product} {ergonomic}
   size_t MaxHeapSize                              = 2095054848                                {product} {ergonomic}
   size_t MinHeapDeltaBytes                        = 1048576                                   {product} {ergonomic}
   size_t MinHeapSize                              = 8388608                                   {product} {ergonomic}
    uintx NonNMethodCodeHeapSize                   = 5839372                                {pd product} {ergonomic}
    uintx NonProfiledCodeHeapSize                  = 122909434                              {pd product} {ergonomic}
    uintx ProfiledCodeHeapSize                     = 122909434                              {pd product} {ergonomic}
    uintx ReservedCodeCacheSize                    = 251658240                              {pd product} {ergonomic}
     bool SegmentedCodeCache                       = true                                      {product} {ergonomic}
     bool ShowCodeDetailsInExceptionMessages       = true                                   {manageable} {command line}
   size_t SoftMaxHeapSize                          = 2095054848                             {manageable} {ergonomic}
     bool UseCompressedClassPointers               = true                                 {lp64_product} {ergonomic}
     bool UseCompressedOops                        = true                                 {lp64_product} {ergonomic}
     bool UseG1GC                                  = true                                      {product} {ergonomic}
     bool UseLargePagesIndividualAllocation        = false                                  {pd product} {ergonomic}

Logging:
Log output configuration:
 #0: stdout all=warning uptime,level,tags
 #1: stderr all=off uptime,level,tags

Environment Variables:
PATH=C:/Users/atlon/.p2/pool/plugins/org.eclipse.justj.openjdk.hotspot.jre.full.win32.x86_64_15.0.2.v20210201-0955/jre/bin/server;C:/Users/atlon/.p2/pool/plugins/org.eclipse.justj.openjdk.hotspot.jre.full.win32.x86_64_15.0.2.v20210201-0955/jre/bin;C:\Program Files\NVIDIA GPU Computing Toolkit\CUDA\v11.2\bin;C:\Program Files\NVIDIA GPU Computing Toolkit\CUDA\v11.2\libnvvp;C:\Program Files (x86)\Common Files\Oracle\Java\javapath;C:\Program Files\Oculus\Support\oculus-runtime;C:\Windows\system32;C:\Windows;C:\Windows\System32\Wbem;C:\Windows\System32\WindowsPowerShell\v1.0\;C:\Windows\System32\OpenSSH\;C:\Program Files (x86)\NVIDIA Corporation\PhysX\Common;C:\Program Files\NVIDIA Corporation\NVIDIA NvDLISR;C:\Program Files\NVIDIA Corporation\Nsight Compute 2020.3.0\;C:\Users\atlon\AppData\Local\Microsoft\WindowsApps;C:\Users\atlon\AppData\Local\GitHubDesktop\bin;C:\Users\atlon\OneDrive\Desktop;
USERNAME=atlon
OS=Windows_NT
PROCESSOR_IDENTIFIER=Intel64 Family 6 Model 165 Stepping 2, GenuineIntel



---------------  S Y S T E M  ---------------

OS:
 Windows 10 , 64 bit Build 19041 (10.0.19041.804)
OS uptime: 2 days 2:20 hours

CPU: total 8 (initial active 8) (4 cores per cpu, 2 threads per core) family 6 model 165 stepping 2 microcode 0xe2, cmov, cx8, fxsr, mmx, sse, sse2, sse3, ssse3, sse4.1, sse4.2, popcnt, vzeroupper, avx, avx2, aes, clmul, erms, 3dnowpref, lzcnt, ht, tsc, tscinvbit, bmi1, bmi2, adx, fma, clflush, clflushopt

Memory: 4k page, system-wide physical 7985M (872M free)
TotalPageFile size 22151M (AvailPageFile size 79M)
current process WorkingSet (physical memory assigned to process): 10M, peak: 10M
current process commit charge ("private bytes"): 60M, peak: 186M

vm_info: OpenJDK 64-Bit Server VM (15.0.2+7-27) for windows-amd64 JRE (15.0.2+7-27), built on Dec  7 2020 20:02:38 by "mach5one" with unknown MS VC++:1925

END.
