#
# There is insufficient memory for the Java Runtime Environment to continue.
# Native memory allocation (mmap) failed to map 132120576 bytes for G1 virtual space
# Possible reasons:
#   The system is out of physical RAM or swap space
#   The process is running with CompressedOops enabled, and the Java Heap may be blocking the growth of the native heap
# Possible solutions:
#   Reduce memory load on the system
#   Increase physical memory or swap space
#   Check if swap backing store is full
#   Decrease Java heap size (-Xmx/-Xms)
#   Decrease number of Java threads
#   Decrease Java thread stack sizes (-Xss)
#   Set larger code cache with -XX:ReservedCodeCacheSize=
#   JVM is running with Unscaled Compressed Oops mode in which the Java heap is
#     placed in the first 4GB address space. The Java Heap base address is the
#     maximum limit for the native heap growth. Please use -XX:HeapBaseMinAddress
#     to set the Java Heap base and to place the Java Heap above 4GB virtual address.
# This output file may be truncated or incomplete.
#
#  Out of Memory Error (./open/src/hotspot/os/windows/os_windows.cpp:3321), pid=10688, tid=4292
#
# JRE version:  (15.0.2+7) (build )
# Java VM: OpenJDK 64-Bit Server VM (15.0.2+7-27, mixed mode, sharing, tiered, compressed oops, g1 gc, windows-amd64)
# No core dump will be written. Minidumps are not enabled by default on client versions of Windows
#

---------------  S U M M A R Y ------------

Command Line: -Dfile.encoding=Cp1252 -XX:+ShowCodeDetailsInExceptionMessages LongstaffA2DarraySS

Host: Intel(R) Core(TM) i5-10300H CPU @ 2.50GHz, 8 cores, 7G,  Windows 10 , 64 bit Build 19041 (10.0.19041.804)
Time: Sun Mar 14 13:54:03 2021 Eastern Daylight Time elapsed time: 0.024091 seconds (0d 0h 0m 0s)

---------------  T H R E A D  ---------------

Current thread (0x0000029136aaf3a0):  JavaThread "Unknown thread" [_thread_in_vm, id=4292, stack(0x000000b4a5400000,0x000000b4a5500000)]

Stack: [0x000000b4a5400000,0x000000b4a5500000]
Native frames: (J=compiled Java code, j=interpreted, Vv=VM code, C=native code)
V  [jvm.dll+0x62ae9a]
V  [jvm.dll+0x7817a9]
V  [jvm.dll+0x782f03]
V  [jvm.dll+0x783563]
V  [jvm.dll+0x216325]
V  [jvm.dll+0x6281d9]
V  [jvm.dll+0x61cf55]
V  [jvm.dll+0x2cffdd]
V  [jvm.dll+0x2cfe42]
V  [jvm.dll+0x2d5e1c]
V  [jvm.dll+0x32590a]
V  [jvm.dll+0x324fd4]
V  [jvm.dll+0x2a6f5a]
V  [jvm.dll+0x2a80f8]
V  [jvm.dll+0x75e241]
V  [jvm.dll+0x3341c4]
V  [jvm.dll+0x73e926]
V  [jvm.dll+0x3b7557]
V  [jvm.dll+0x3b8fe1]
C  [jli.dll+0x52fb]
C  [ucrtbase.dll+0x21bb2]
C  [KERNEL32.DLL+0x17034]
C  [ntdll.dll+0x4d241]


---------------  P R O C E S S  ---------------

Threads class SMR info:
_java_thread_list=0x00007fff05834ff0, length=0, elements={
}

Java Threads: ( => current thread )

Other Threads:
  0x0000029136aeffd0 GCTaskThread "GC Thread#0" [stack: 0x000000b4a5500000,0x000000b4a5600000] [id=9304]
  0x0000029136b02320 ConcurrentGCThread "G1 Main Marker" [stack: 0x000000b4a5600000,0x000000b4a5700000] [id=19744]
  0x0000029136b02ea0 ConcurrentGCThread "G1 Conc#0" [stack: 0x000000b4a5700000,0x000000b4a5800000] [id=6648]

[error occurred during error reporting (printing all threads), id 0xc0000005, EXCEPTION_ACCESS_VIOLATION (0xc0000005) at pc=0x00007fff05027e27]

VM state: not at safepoint (not fully initialized)

VM Mutex/Monitor currently owned by a thread:  ([mutex/lock_event])
[0x0000029136a9e900] Heap_lock - owner thread: 0x0000029136aaf3a0

Heap address: 0x0000000083200000, size: 1998 MB, Compressed Oops mode: 32-bit
CDS archive(s) mapped at: [0x0000000000000000-0x0000000000000000-0x0000000000000000), size 0, SharedBaseAddress: 0x0000000800000000, ArchiveRelocationMode: 0.
Narrow klass base: 0x0000000000000000, Narrow klass shift: 0, Narrow klass range: 0x0

Heap:
 garbage-first heap   total 129024K, used 0K [0x0000000083200000, 0x0000000100000000)
  region size 1024K, 0 young (0K), 0 survivors (0K)
 Metaspace       used 0K, capacity 0K, committed 0K, reserved 0K
  class space    used 0K, capacity 0K, committed 0K, reserved 0K

Heap Regions: E=young(eden), S=young(survivor), O=old, HS=humongous(starts), HC=humongous(continues), CS=collection set, F=free, OA=open archive, CA=closed archive, TAMS=top-at-mark-start (previous, next)

Card table byte_map: [0x000002914bb00000,0x000002914bef0000] _byte_map_base: 0x000002914b6e7000

Marking Bits (Prev, Next): (CMBitMap*) 0x0000029136af1760, (CMBitMap*) 0x0000029136af17a0
 Prev Bits: [0x000002914c2e0000, 0x000002914e218000)
 Next Bits: [0x000002914e220000, 0x0000029150158000)

GC Heap History (0 events):
No events

Deoptimization events (0 events):
No events

Classes unloaded (0 events):
No events

Classes redefined (0 events):
No events

Internal exceptions (0 events):
No events

Events (1 events):
Event: 0.004 Loaded shared library C:\Users\atlon\.p2\pool\plugins\org.eclipse.justj.openjdk.hotspot.jre.full.win32.x86_64_15.0.2.v20210201-0955\jre\bin\java.dll


Dynamic libraries:
0x00007ff67a3a0000 - 0x00007ff67a3ad000 	C:\Users\atlon\.p2\pool\plugins\org.eclipse.justj.openjdk.hotspot.jre.full.win32.x86_64_15.0.2.v20210201-0955\jre\bin\javaw.exe
0x00007fff9beb0000 - 0x00007fff9c0a6000 	C:\Windows\SYSTEM32\ntdll.dll
0x00007fff9a340000 - 0x00007fff9a3fd000 	C:\Windows\System32\KERNEL32.DLL
0x00007fff99650000 - 0x00007fff99919000 	C:\Windows\System32\KERNELBASE.dll
0x00007fff999a0000 - 0x00007fff99aa0000 	C:\Windows\System32\ucrtbase.dll
0x00007fff6dde0000 - 0x00007fff6ddf9000 	C:\Users\atlon\.p2\pool\plugins\org.eclipse.justj.openjdk.hotspot.jre.full.win32.x86_64_15.0.2.v20210201-0955\jre\bin\VCRUNTIME140.dll
0x00007fff6eef0000 - 0x00007fff6ef08000 	C:\Users\atlon\.p2\pool\plugins\org.eclipse.justj.openjdk.hotspot.jre.full.win32.x86_64_15.0.2.v20210201-0955\jre\bin\jli.dll
0x00007fff9b980000 - 0x00007fff9bb20000 	C:\Windows\System32\USER32.dll
0x00007fff80b70000 - 0x00007fff80e0b000 	C:\Windows\WinSxS\amd64_microsoft.windows.common-controls_6595b64144ccf1df_6.0.19041.746_none_ca02b4b61b8320a4\COMCTL32.dll
0x00007fff99bc0000 - 0x00007fff99be2000 	C:\Windows\System32\win32u.dll
0x00007fff9bd40000 - 0x00007fff9bdde000 	C:\Windows\System32\msvcrt.dll
0x00007fff9bde0000 - 0x00007fff9be0a000 	C:\Windows\System32\GDI32.dll
0x00007fff99ca0000 - 0x00007fff99dab000 	C:\Windows\System32\gdi32full.dll
0x00007fff99b20000 - 0x00007fff99bbd000 	C:\Windows\System32\msvcp_win.dll
0x00007fff9a310000 - 0x00007fff9a340000 	C:\Windows\System32\IMM32.DLL
0x00007fff7ace0000 - 0x00007fff7acec000 	C:\Users\atlon\.p2\pool\plugins\org.eclipse.justj.openjdk.hotspot.jre.full.win32.x86_64_15.0.2.v20210201-0955\jre\bin\vcruntime140_1.dll
0x00007fff4d1f0000 - 0x00007fff4d281000 	C:\Users\atlon\.p2\pool\plugins\org.eclipse.justj.openjdk.hotspot.jre.full.win32.x86_64_15.0.2.v20210201-0955\jre\bin\msvcp140.dll
0x00007fff04d70000 - 0x00007fff058ce000 	C:\Users\atlon\.p2\pool\plugins\org.eclipse.justj.openjdk.hotspot.jre.full.win32.x86_64_15.0.2.v20210201-0955\jre\bin\server\jvm.dll
0x00007fff9aed0000 - 0x00007fff9af7c000 	C:\Windows\System32\ADVAPI32.dll
0x00007fff9a6e0000 - 0x00007fff9a77c000 	C:\Windows\System32\sechost.dll
0x00007fff9b050000 - 0x00007fff9b17b000 	C:\Windows\System32\RPCRT4.dll
0x00007fff99f20000 - 0x00007fff99f28000 	C:\Windows\System32\PSAPI.DLL
0x00007fff91ec0000 - 0x00007fff91ec9000 	C:\Windows\SYSTEM32\WSOCK32.dll
0x00007fff7f660000 - 0x00007fff7f687000 	C:\Windows\SYSTEM32\WINMM.dll
0x00007fff88730000 - 0x00007fff8873a000 	C:\Windows\SYSTEM32\VERSION.dll
0x00007fff9afe0000 - 0x00007fff9b04b000 	C:\Windows\System32\WS2_32.dll
0x00007fff97ec0000 - 0x00007fff97ed2000 	C:\Windows\SYSTEM32\kernel.appcore.dll
0x00007fff91eb0000 - 0x00007fff91eba000 	C:\Users\atlon\.p2\pool\plugins\org.eclipse.justj.openjdk.hotspot.jre.full.win32.x86_64_15.0.2.v20210201-0955\jre\bin\jimage.dll
0x00007fff972a0000 - 0x00007fff97484000 	C:\Windows\SYSTEM32\DBGHELP.DLL
0x00007fff87260000 - 0x00007fff8728c000 	C:\Windows\SYSTEM32\dbgcore.DLL
0x00007fff99aa0000 - 0x00007fff99b20000 	C:\Windows\System32\bcryptPrimitives.dll
0x00007fff91e80000 - 0x00007fff91ea5000 	C:\Users\atlon\.p2\pool\plugins\org.eclipse.justj.openjdk.hotspot.jre.full.win32.x86_64_15.0.2.v20210201-0955\jre\bin\java.dll

dbghelp: loaded successfully - version: 4.0.5 - missing functions: none
symbol engine: initialized successfully - sym options: 0x614 - pdb path: .;C:\Users\atlon\.p2\pool\plugins\org.eclipse.justj.openjdk.hotspot.jre.full.win32.x86_64_15.0.2.v20210201-0955\jre\bin;C:\Windows\SYSTEM32;C:\Windows\WinSxS\amd64_microsoft.windows.common-controls_6595b64144ccf1df_6.0.19041.746_none_ca02b4b61b8320a4;C:\Users\atlon\.p2\pool\plugins\org.eclipse.justj.openjdk.hotspot.jre.full.win32.x86_64_15.0.2.v20210201-0955\jre\bin\server

VM Arguments:
jvm_args: -Dfile.encoding=Cp1252 -XX:+ShowCodeDetailsInExceptionMessages 
java_command: LongstaffA2DarraySS
java_class_path (initial): D:\ICS4U1\LongstaffA2DarraySS\bin
Launcher Type: SUN_STANDARD

[Global flags]
     intx CICompilerCount                          = 4                                         {product} {ergonomic}
     uint ConcGCThreads                            = 2                                         {product} {ergonomic}
     uint G1ConcRefinementThreads                  = 8                                         {product} {ergonomic}
   size_t G1HeapRegionSize                         = 1048576                                   {product} {ergonomic}
    uintx GCDrainStackTargetSize                   = 64                                        {product} {ergonomic}
   size_t InitialHeapSize                          = 132120576                                 {product} {ergonomic}
   size_t MarkStackSize                            = 4194304                                   {product} {ergonomic}
   size_t MaxHeapSize                              = 2095054848                                {product} {ergonomic}
   size_t MinHeapDeltaBytes                        = 1048576                                   {product} {ergonomic}
   size_t MinHeapSize                              = 8388608                                   {product} {ergonomic}
    uintx NonNMethodCodeHeapSize                   = 5839372                                {pd product} {ergonomic}
    uintx NonProfiledCodeHeapSize                  = 122909434                              {pd product} {ergonomic}
    uintx ProfiledCodeHeapSize                     = 122909434                              {pd product} {ergonomic}
    uintx ReservedCodeCacheSize                    = 251658240                              {pd product} {ergonomic}
     bool SegmentedCodeCache                       = true                                      {product} {ergonomic}
     bool ShowCodeDetailsInExceptionMessages       = true                                   {manageable} {command line}
   size_t SoftMaxHeapSize                          = 2095054848                             {manageable} {ergonomic}
     bool UseCompressedClassPointers               = true                                 {lp64_product} {ergonomic}
     bool UseCompressedOops                        = true                                 {lp64_product} {ergonomic}
     bool UseG1GC                                  = true                                      {product} {ergonomic}
     bool UseLargePagesIndividualAllocation        = false                                  {pd product} {ergonomic}

Logging:
Log output configuration:
 #0: stdout all=warning uptime,level,tags
 #1: stderr all=off uptime,level,tags

Environment Variables:
PATH=C:/Users/atlon/.p2/pool/plugins/org.eclipse.justj.openjdk.hotspot.jre.full.win32.x86_64_15.0.2.v20210201-0955/jre/bin/server;C:/Users/atlon/.p2/pool/plugins/org.eclipse.justj.openjdk.hotspot.jre.full.win32.x86_64_15.0.2.v20210201-0955/jre/bin;C:\Program Files\NVIDIA GPU Computing Toolkit\CUDA\v11.2\bin;C:\Program Files\NVIDIA GPU Computing Toolkit\CUDA\v11.2\libnvvp;C:\Program Files (x86)\Common Files\Oracle\Java\javapath;C:\Program Files\Oculus\Support\oculus-runtime;C:\Windows\system32;C:\Windows;C:\Windows\System32\Wbem;C:\Windows\System32\WindowsPowerShell\v1.0\;C:\Windows\System32\OpenSSH\;C:\Program Files (x86)\NVIDIA Corporation\PhysX\Common;C:\Program Files\NVIDIA Corporation\NVIDIA NvDLISR;C:\Program Files\NVIDIA Corporation\Nsight Compute 2020.3.0\;C:\Program Files (x86)\GtkSharp\2.12\bin;C:\Users\atlon\AppData\Local\Microsoft\WindowsApps;C:\Users\atlon\AppData\Local\GitHubDesktop\bin;C:\Users\atlon\OneDrive\Desktop;
USERNAME=atlon
OS=Windows_NT
PROCESSOR_IDENTIFIER=Intel64 Family 6 Model 165 Stepping 2, GenuineIntel



---------------  S Y S T E M  ---------------

OS:
 Windows 10 , 64 bit Build 19041 (10.0.19041.804)
OS uptime: 0 days 13:55 hours

CPU: total 8 (initial active 8) (4 cores per cpu, 2 threads per core) family 6 model 165 stepping 2 microcode 0xe2, cmov, cx8, fxsr, mmx, sse, sse2, sse3, ssse3, sse4.1, sse4.2, popcnt, vzeroupper, avx, avx2, aes, clmul, erms, 3dnowpref, lzcnt, ht, tsc, tscinvbit, bmi1, bmi2, adx, fma, clflush, clflushopt

Memory: 4k page, system-wide physical 7985M (633M free)
TotalPageFile size 15319M (AvailPageFile size 83M)
current process WorkingSet (physical memory assigned to process): 10M, peak: 10M
current process commit charge ("private bytes"): 60M, peak: 186M

vm_info: OpenJDK 64-Bit Server VM (15.0.2+7-27) for windows-amd64 JRE (15.0.2+7-27), built on Dec  7 2020 20:02:38 by "mach5one" with unknown MS VC++:1925

END.
